Drill report for MOKETA.kicad_pcb
Created on 2025-09-23T11:51:15+0300

Copper Layer Stackup:
    =============================================================
    L1 :  F.Cu                      front
    L2 :  B.Cu                      back


Drill file 'MOKETA-PTH.drl' contains
    plated through holes:
    =============================================================
    T1  0.300mm  0.0118"  (88 holes)
    T2  1.000mm  0.0394"  (2 holes)
    T3  1.500mm  0.0591"  (24 holes)
    T4  2.200mm  0.0866"  (6 holes)

    Total plated holes count 120


Drill file 'MOKETA-NPTH.drl' contains
    unplated through holes:
    =============================================================
    T1  0.700mm  0.0276"  (2 holes)
    T2  1.702mm  0.0670"  (84 holes)
    T3  3.000mm  0.1181"  (84 holes)
    T4  3.988mm  0.1570"  (42 holes)

    Total unplated holes count 212
